[2026-03-21T18:06:51.298Z] GET http://localhost:8080/ → 200 (33ms, 37170B)
[2026-03-21T18:06:51.340Z] GET https://fonts.googleapis.com/css2?family=DM+Sans:ital,opsz,wght@0,9..40,400;0,9..40,500;0,9..40,600;1,9..40,400&family=JetBrains+Mono:wght@400;500&display=swap → 200 (107ms, 8470B)
[2026-03-21T18:06:51.350Z] GET http://localhost:8080/data/earning-rules.js → 200 (3ms, 16199B)
[2026-03-21T18:06:51.350Z] GET http://localhost:8080/data/airports.js → 200 (5ms, 192765B)
[2026-03-21T18:06:51.574Z] GET https://fonts.gstatic.com/s/jetbrainsmono/v24/tDbv2o-flEEny0FZhsfKu5WU4zr3E_BX0PnT8RD8yKwBNntkaToggR7BYRbKPxDcwgknk-4.woff2 → 200 (123ms, 31340B)
[2026-03-21T18:06:51.575Z] GET https://fonts.gstatic.com/s/dmsans/v17/rP2Hp2ywxg089UriCZOIHTWEBlw.woff2 → 200 (138ms, 62556B)
[2026-03-21T18:07:30.412Z] GET http://localhost:8080/admin.html → 200 (3ms, 13172B)
[2026-03-21T18:07:30.418Z] GET https://fonts.googleapis.com/css2?family=DM+Sans:ital,opsz,wght@0,9..40,400;0,9..40,500;0,9..40,600;1,9..40,400&family=JetBrains+Mono:wght@400;500&display=swap → 200 (?ms, 8470B)
[2026-03-21T18:07:30.419Z] GET http://localhost:8080/data/earning-rules.js → 200 (1ms, 16199B)
[2026-03-21T18:07:30.423Z] GET https://fonts.gstatic.com/s/dmsans/v17/rP2Hp2ywxg089UriCZOIHTWEBlw.woff2 → 200 (?ms, ?B)
[2026-03-21T18:07:30.423Z] GET https://fonts.gstatic.com/s/jetbrainsmono/v24/tDbv2o-flEEny0FZhsfKu5WU4zr3E_BX0PnT8RD8yKwBNntkaToggR7BYRbKPxDcwgknk-4.woff2 → 200 (?ms, ?B)
[2026-03-21T18:07:33.549Z] GET http://localhost:8080/milecalc.html → 200 (2ms, 42712B)
[2026-03-21T18:07:33.554Z] GET https://fonts.googleapis.com/css2?family=DM+Sans:ital,opsz,wght@0,9..40,400;0,9..40,500;0,9..40,600;1,9..40,400&family=JetBrains+Mono:wght@400;500&display=swap → 200 (?ms, 8470B)
[2026-03-21T18:07:33.555Z] GET http://localhost:8080/data/airports.js → 200 (3ms, 192765B)
[2026-03-21T18:07:33.563Z] GET https://fonts.gstatic.com/s/dmsans/v17/rP2Hp2ywxg089UriCZOIHTWEBlw.woff2 → 200 (1ms, ?B)
[2026-03-21T18:07:33.564Z] GET https://fonts.gstatic.com/s/jetbrainsmono/v24/tDbv2o-flEEny0FZhsfKu5WU4zr3E_BX0PnT8RD8yKwBNntkaToggR7BYRbKPxDcwgknk-4.woff2 → 200 (?ms, ?B)
[2026-03-21T18:07:44.065Z] GET http://localhost:8080/ → 200 (2ms, 37170B)
[2026-03-21T18:07:44.072Z] GET https://fonts.googleapis.com/css2?family=DM+Sans:ital,opsz,wght@0,9..40,400;0,9..40,500;0,9..40,600;1,9..40,400&family=JetBrains+Mono:wght@400;500&display=swap → 200 (?ms, 8470B)
[2026-03-21T18:07:44.072Z] GET http://localhost:8080/data/earning-rules.js → 200 (16ms, 16199B)
[2026-03-21T18:07:44.072Z] GET http://localhost:8080/data/airports.js → 200 (16ms, 192765B)
[2026-03-21T18:07:44.087Z] GET https://fonts.gstatic.com/s/dmsans/v17/rP2Hp2ywxg089UriCZOIHTWEBlw.woff2 → 200 (?ms, ?B)
[2026-03-21T18:07:44.088Z] GET https://fonts.gstatic.com/s/jetbrainsmono/v24/tDbv2o-flEEny0FZhsfKu5WU4zr3E_BX0PnT8RD8yKwBNntkaToggR7BYRbKPxDcwgknk-4.woff2 → 200 (?ms, ?B)
[2026-03-21T18:11:05.611Z] GET http://localhost:8080/ → 200 (2ms, 37218B)
[2026-03-21T18:11:05.616Z] GET https://fonts.googleapis.com/css2?family=DM+Sans:ital,opsz,wght@0,9..40,400;0,9..40,500;0,9..40,600;1,9..40,400&family=JetBrains+Mono:wght@400;500&display=swap → 200 (?ms, 8470B)
[2026-03-21T18:11:05.617Z] GET http://localhost:8080/data/earning-rules.js → 200 (7ms, 16199B)
[2026-03-21T18:11:05.617Z] GET http://localhost:8080/data/airports.js → 200 (8ms, 192765B)
[2026-03-21T18:11:05.623Z] GET https://fonts.gstatic.com/s/dmsans/v17/rP2Hp2ywxg089UriCZOIHTWEBlw.woff2 → 200 (?ms, ?B)
[2026-03-21T18:11:05.624Z] GET https://fonts.gstatic.com/s/jetbrainsmono/v24/tDbv2o-flEEny0FZhsfKu5WU4zr3E_BX0PnT8RD8yKwBNntkaToggR7BYRbKPxDcwgknk-4.woff2 → 200 (?ms, ?B)
